<?xml version="1.0" encoding="UTF-8"?>
<coverage generated="1624406046420" clover="3.2.0">
  <project timestamp="1624406046421" name="All files">
    <metrics statements="42" coveredstatements="40" conditionals="33" coveredconditionals="29" methods="8" coveredmethods="8" elements="83" coveredelements="77" complexity="0" loc="42" ncloc="42" packages="1" files="1" classes="1"/>
    <file name="03.GreatestArea.js" path="/home/extremito/Documents/IMBA/Training/35.Algorithms/javascript/SectionA/03.GreatestArea.js">
      <metrics statements="42" coveredstatements="40" conditionals="33" coveredconditionals="29" methods="8" coveredmethods="8"/>
      <line num="2" count="7" type="cond" truecount="4" falsecount="0"/>
      <line num="3" count="1" type="stmt"/>
      <line num="4" count="6" type="stmt"/>
      <line num="5" count="6" type="stmt"/>
      <line num="6" count="28" type="stmt"/>
      <line num="7" count="28" type="stmt"/>
      <line num="8" count="28" type="cond" truecount="2" falsecount="0"/>
      <line num="9" count="28" type="stmt"/>
      <line num="11" count="6" type="stmt"/>
      <line num="15" count="28" type="stmt"/>
      <line num="16" count="28" type="stmt"/>
      <line num="17" count="28" type="stmt"/>
      <line num="18" count="134" type="cond" truecount="2" falsecount="0"/>
      <line num="19" count="74" type="cond" truecount="2" falsecount="0"/>
      <line num="20" count="37" type="stmt"/>
      <line num="21" count="37" type="stmt"/>
      <line num="22" count="37" type="stmt"/>
      <line num="24" count="37" type="cond" truecount="2" falsecount="0"/>
      <line num="25" count="15" type="stmt"/>
      <line num="26" count="21" type="cond" truecount="2" falsecount="0"/>
      <line num="27" count="16" type="cond" truecount="2" falsecount="0"/>
      <line num="28" count="16" type="stmt"/>
      <line num="29" count="5" type="cond" truecount="1" falsecount="1"/>
      <line num="30" count="0" type="stmt"/>
      <line num="32" count="5" type="stmt"/>
      <line num="35" count="22" type="stmt"/>
      <line num="36" count="22" type="stmt"/>
      <line num="37" count="24" type="cond" truecount="2" falsecount="0"/>
      <line num="38" count="15" type="cond" truecount="2" falsecount="0"/>
      <line num="39" count="15" type="stmt"/>
      <line num="40" count="9" type="cond" truecount="1" falsecount="1"/>
      <line num="41" count="0" type="stmt"/>
      <line num="43" count="9" type="cond" truecount="1" falsecount="1"/>
      <line num="44" count="9" type="stmt"/>
      <line num="46" count="22" type="stmt"/>
      <line num="47" count="22" type="cond" truecount="2" falsecount="0"/>
      <line num="50" count="60" type="stmt"/>
      <line num="53" count="28" type="stmt"/>
      <line num="57" count="28" type="stmt"/>
      <line num="58" count="134" type="cond" truecount="4" falsecount="0"/>
      <line num="59" count="60" type="stmt"/>
      <line num="63" count="1" type="stmt"/>
    </file>
  </project>
</coverage>
