<?xml version="1.0" encoding="UTF-8"?>
<coverage generated="1624300047140" clover="3.2.0">
  <project timestamp="1624300047140" name="All files">
    <metrics statements="9" coveredstatements="9" conditionals="5" coveredconditionals="5" methods="4" coveredmethods="4" elements="18" coveredelements="18" complexity="0" loc="9" ncloc="9" packages="1" files="2" classes="2"/>
    <file name="01.maxArrayValue.js" path="/home/extremito/Documents/IMBA/Training/35.Algorithms/javascript/SectionA/01.maxArrayValue.js">
      <metrics statements="3" coveredstatements="3" conditionals="5" coveredconditionals="5" methods="2" coveredmethods="2"/>
      <line num="2" count="5" type="cond" truecount="2" falsecount="0"/>
      <line num="3" count="5" type="cond" truecount="2" falsecount="0"/>
      <line num="6" count="1" type="stmt"/>
    </file>
    <file name="02.numTo100.js" path="/home/extremito/Documents/IMBA/Training/35.Algorithms/javascript/SectionA/02.numTo100.js">
      <metrics statements="6" coveredstatements="6" conditionals="0" coveredconditionals="0" methods="2" coveredmethods="2"/>
      <line num="2" count="1" type="stmt"/>
      <line num="3" count="1" type="stmt"/>
      <line num="4" count="100" type="stmt"/>
      <line num="5" count="100" type="stmt"/>
      <line num="6" count="100" type="stmt"/>
      <line num="10" count="1" type="stmt"/>
    </file>
  </project>
</coverage>
