{"/home/extremito/Documents/IMBA/Training/35.Algorithms/javascript/SectionA/03.GreatestArea.js": {"path":"/home/extremito/Documents/IMBA/Training/35.Algorithms/javascript/SectionA/03.GreatestArea.js","statementMap":{"0":{"start":{"line":2,"column":2},"end":{"line":3,"column":44}},"1":{"start":{"line":3,"column":4},"end":{"line":3,"column":44}},"2":{"start":{"line":4,"column":17},"end":{"line":4,"column":18}},"3":{"start":{"line":5,"column":2},"end":{"line":10,"column":9}},"4":{"start":{"line":6,"column":18},"end":{"line":6,"column":36}},"5":{"start":{"line":7,"column":18},"end":{"line":7,"column":32}},"6":{"start":{"line":8,"column":4},"end":{"line":8,"column":43}},"7":{"start":{"line":8,"column":26},"end":{"line":8,"column":43}},"8":{"start":{"line":9,"column":4},"end":{"line":9,"column":17}},"9":{"start":{"line":11,"column":2},"end":{"line":11,"column":18}},"10":{"start":{"line":15,"column":13},"end":{"line":15,"column":14}},"11":{"start":{"line":16,"column":16},"end":{"line":16,"column":25}},"12":{"start":{"line":17,"column":2},"end":{"line":52,"column":5}},"13":{"start":{"line":18,"column":4},"end":{"line":51,"column":5}},"14":{"start":{"line":19,"column":6},"end":{"line":23,"column":7}},"15":{"start":{"line":20,"column":8},"end":{"line":20,"column":26}},"16":{"start":{"line":21,"column":8},"end":{"line":21,"column":19}},"17":{"start":{"line":22,"column":8},"end":{"line":22,"column":19}},"18":{"start":{"line":24,"column":6},"end":{"line":48,"column":7}},"19":{"start":{"line":25,"column":8},"end":{"line":33,"column":11}},"20":{"start":{"line":26,"column":10},"end":{"line":31,"column":11}},"21":{"start":{"line":27,"column":12},"end":{"line":27,"column":71}},"22":{"start":{"line":28,"column":12},"end":{"line":28,"column":45}},"23":{"start":{"line":29,"column":17},"end":{"line":31,"column":11}},"24":{"start":{"line":30,"column":12},"end":{"line":30,"column":31}},"25":{"start":{"line":32,"column":10},"end":{"line":32,"column":28}},"26":{"start":{"line":35,"column":22},"end":{"line":35,"column":23}},"27":{"start":{"line":36,"column":8},"end":{"line":45,"column":11}},"28":{"start":{"line":37,"column":10},"end":{"line":42,"column":11}},"29":{"start":{"line":38,"column":12},"end":{"line":38,"column":71}},"30":{"start":{"line":39,"column":12},"end":{"line":39,"column":45}},"31":{"start":{"line":40,"column":17},"end":{"line":42,"column":11}},"32":{"start":{"line":41,"column":12},"end":{"line":41,"column":31}},"33":{"start":{"line":43,"column":10},"end":{"line":43,"column":47}},"34":{"start":{"line":43,"column":31},"end":{"line":43,"column":47}},"35":{"start":{"line":44,"column":10},"end":{"line":44,"column":28}},"36":{"start":{"line":46,"column":8},"end":{"line":46,"column":36}},"37":{"start":{"line":47,"column":8},"end":{"line":47,"column":71}},"38":{"start":{"line":50,"column":6},"end":{"line":50,"column":20}},"39":{"start":{"line":53,"column":2},"end":{"line":53,"column":14}},"40":{"start":{"line":57,"column":2},"end":{"line":60,"column":5}},"41":{"start":{"line":58,"column":4},"end":{"line":59,"column":18}},"42":{"start":{"line":58,"column":13},"end":{"line":58,"column":68}},"43":{"start":{"line":59,"column":9},"end":{"line":59,"column":18}},"44":{"start":{"line":63,"column":0},"end":{"line":63,"column":30}}},"fnMap":{"0":{"name":"greatestArea","decl":{"start":{"line":1,"column":9},"end":{"line":1,"column":21}},"loc":{"start":{"line":1,"column":36},"end":{"line":12,"column":1}},"line":1},"1":{"name":"(anonymous_1)","decl":{"start":{"line":5,"column":17},"end":{"line":5,"column":18}},"loc":{"start":{"line":5,"column":31},"end":{"line":10,"column":3}},"line":5},"2":{"name":"getArea","decl":{"start":{"line":14,"column":9},"end":{"line":14,"column":16}},"loc":{"start":{"line":14,"column":22},"end":{"line":54,"column":1}},"line":14},"3":{"name":"(anonymous_3)","decl":{"start":{"line":17,"column":10},"end":{"line":17,"column":11}},"loc":{"start":{"line":17,"column":19},"end":{"line":52,"column":3}},"line":17},"4":{"name":"(anonymous_4)","decl":{"start":{"line":25,"column":22},"end":{"line":25,"column":23}},"loc":{"start":{"line":25,"column":38},"end":{"line":33,"column":9}},"line":25},"5":{"name":"(anonymous_5)","decl":{"start":{"line":36,"column":22},"end":{"line":36,"column":23}},"loc":{"start":{"line":36,"column":38},"end":{"line":45,"column":9}},"line":36},"6":{"name":"fuseRows","decl":{"start":{"line":56,"column":9},"end":{"line":56,"column":17}},"loc":{"start":{"line":56,"column":31},"end":{"line":61,"column":1}},"line":56},"7":{"name":"(anonymous_7)","decl":{"start":{"line":57,"column":17},"end":{"line":57,"column":18}},"loc":{"start":{"line":57,"column":36},"end":{"line":60,"column":3}},"line":57}},"branchMap":{"0":{"loc":{"start":{"line":1,"column":22},"end":{"line":1,"column":34}},"type":"default-arg","locations":[{"start":{"line":1,"column":32},"end":{"line":1,"column":34}}],"line":1},"1":{"loc":{"start":{"line":2,"column":2},"end":{"line":3,"column":44}},"type":"if","locations":[{"start":{"line":2,"column":2},"end":{"line":3,"column":44}},{"start":{"line":2,"column":2},"end":{"line":3,"column":44}}],"line":2},"2":{"loc":{"start":{"line":2,"column":6},"end":{"line":2,"column":41}},"type":"binary-expr","locations":[{"start":{"line":2,"column":6},"end":{"line":2,"column":14}},{"start":{"line":2,"column":18},"end":{"line":2,"column":41}}],"line":2},"3":{"loc":{"start":{"line":8,"column":4},"end":{"line":8,"column":43}},"type":"if","locations":[{"start":{"line":8,"column":4},"end":{"line":8,"column":43}},{"start":{"line":8,"column":4},"end":{"line":8,"column":43}}],"line":8},"4":{"loc":{"start":{"line":18,"column":4},"end":{"line":51,"column":5}},"type":"if","locations":[{"start":{"line":18,"column":4},"end":{"line":51,"column":5}},{"start":{"line":18,"column":4},"end":{"line":51,"column":5}}],"line":18},"5":{"loc":{"start":{"line":19,"column":6},"end":{"line":23,"column":7}},"type":"if","locations":[{"start":{"line":19,"column":6},"end":{"line":23,"column":7}},{"start":{"line":19,"column":6},"end":{"line":23,"column":7}}],"line":19},"6":{"loc":{"start":{"line":24,"column":6},"end":{"line":48,"column":7}},"type":"if","locations":[{"start":{"line":24,"column":6},"end":{"line":48,"column":7}},{"start":{"line":24,"column":6},"end":{"line":48,"column":7}}],"line":24},"7":{"loc":{"start":{"line":26,"column":10},"end":{"line":31,"column":11}},"type":"if","locations":[{"start":{"line":26,"column":10},"end":{"line":31,"column":11}},{"start":{"line":26,"column":10},"end":{"line":31,"column":11}}],"line":26},"8":{"loc":{"start":{"line":27,"column":19},"end":{"line":27,"column":70}},"type":"cond-expr","locations":[{"start":{"line":27,"column":46},"end":{"line":27,"column":63}},{"start":{"line":27,"column":66},"end":{"line":27,"column":70}}],"line":27},"9":{"loc":{"start":{"line":29,"column":17},"end":{"line":31,"column":11}},"type":"if","locations":[{"start":{"line":29,"column":17},"end":{"line":31,"column":11}},{"start":{"line":29,"column":17},"end":{"line":31,"column":11}}],"line":29},"10":{"loc":{"start":{"line":37,"column":10},"end":{"line":42,"column":11}},"type":"if","locations":[{"start":{"line":37,"column":10},"end":{"line":42,"column":11}},{"start":{"line":37,"column":10},"end":{"line":42,"column":11}}],"line":37},"11":{"loc":{"start":{"line":38,"column":19},"end":{"line":38,"column":70}},"type":"cond-expr","locations":[{"start":{"line":38,"column":46},"end":{"line":38,"column":63}},{"start":{"line":38,"column":66},"end":{"line":38,"column":70}}],"line":38},"12":{"loc":{"start":{"line":40,"column":17},"end":{"line":42,"column":11}},"type":"if","locations":[{"start":{"line":40,"column":17},"end":{"line":42,"column":11}},{"start":{"line":40,"column":17},"end":{"line":42,"column":11}}],"line":40},"13":{"loc":{"start":{"line":43,"column":10},"end":{"line":43,"column":47}},"type":"if","locations":[{"start":{"line":43,"column":10},"end":{"line":43,"column":47}},{"start":{"line":43,"column":10},"end":{"line":43,"column":47}}],"line":43},"14":{"loc":{"start":{"line":47,"column":15},"end":{"line":47,"column":70}},"type":"cond-expr","locations":[{"start":{"line":47,"column":44},"end":{"line":47,"column":63}},{"start":{"line":47,"column":66},"end":{"line":47,"column":70}}],"line":47},"15":{"loc":{"start":{"line":58,"column":4},"end":{"line":59,"column":18}},"type":"if","locations":[{"start":{"line":58,"column":4},"end":{"line":59,"column":18}},{"start":{"line":58,"column":4},"end":{"line":59,"column":18}}],"line":58},"16":{"loc":{"start":{"line":58,"column":20},"end":{"line":58,"column":67}},"type":"cond-expr","locations":[{"start":{"line":58,"column":39},"end":{"line":58,"column":61}},{"start":{"line":58,"column":64},"end":{"line":58,"column":67}}],"line":58}},"s":{"0":7,"1":1,"2":6,"3":6,"4":28,"5":28,"6":28,"7":19,"8":28,"9":6,"10":28,"11":28,"12":28,"13":134,"14":74,"15":37,"16":37,"17":37,"18":37,"19":15,"20":21,"21":16,"22":16,"23":5,"24":0,"25":5,"26":22,"27":22,"28":24,"29":15,"30":15,"31":9,"32":0,"33":9,"34":9,"35":9,"36":22,"37":22,"38":60,"39":28,"40":28,"41":134,"42":74,"43":60,"44":1},"f":{"0":7,"1":28,"2":28,"3":134,"4":21,"5":24,"6":28,"7":134},"b":{"0":[0],"1":[1,6],"2":[7,7],"3":[19,9],"4":[74,60],"5":[37,37],"6":[15,22],"7":[16,5],"8":[13,3],"9":[0,5],"10":[15,9],"11":[12,3],"12":[0,9],"13":[9,0],"14":[5,17],"15":[74,60],"16":[45,29]},"_coverageSchema":"1a1c01bbd47fc00a2c39e90264f33305004495a9","hash":"5a0ea2b50289348454dc36ef018a0e14ed23df60"}
}
