{"/home/extremito/Documents/IMBA/Training/35.Algorithms/javascript/SectionA/05.RotateMatrix.js": {"path":"/home/extremito/Documents/IMBA/Training/35.Algorithms/javascript/SectionA/05.RotateMatrix.js","statementMap":{"0":{"start":{"line":1,"column":17},"end":{"line":1,"column":45}},"1":{"start":{"line":4,"column":2},"end":{"line":4,"column":75}},"2":{"start":{"line":4,"column":25},"end":{"line":4,"column":75}},"3":{"start":{"line":5,"column":2},"end":{"line":5,"column":38}},"4":{"start":{"line":9,"column":22},"end":{"line":9,"column":30}},"5":{"start":{"line":10,"column":4},"end":{"line":14,"column":5}},"6":{"start":{"line":10,"column":14},"end":{"line":10,"column":15}},"7":{"start":{"line":11,"column":20},"end":{"line":11,"column":26}},"8":{"start":{"line":11,"column":40},"end":{"line":11,"column":57}},"9":{"start":{"line":12,"column":8},"end":{"line":12,"column":63}},"10":{"start":{"line":12,"column":43},"end":{"line":12,"column":63}},"11":{"start":{"line":13,"column":8},"end":{"line":13,"column":40}},"12":{"start":{"line":15,"column":4},"end":{"line":15,"column":15}},"13":{"start":{"line":18,"column":0},"end":{"line":18,"column":30}}},"fnMap":{"0":{"name":"rotateMatrix","decl":{"start":{"line":3,"column":9},"end":{"line":3,"column":21}},"loc":{"start":{"line":3,"column":30},"end":{"line":6,"column":1}},"line":3},"1":{"name":"rotateRow","decl":{"start":{"line":8,"column":9},"end":{"line":8,"column":18}},"loc":{"start":{"line":8,"column":38},"end":{"line":16,"column":1}},"line":8}},"branchMap":{"0":{"loc":{"start":{"line":4,"column":2},"end":{"line":4,"column":75}},"type":"if","locations":[{"start":{"line":4,"column":2},"end":{"line":4,"column":75}},{"start":{"line":4,"column":2},"end":{"line":4,"column":75}}],"line":4},"1":{"loc":{"start":{"line":12,"column":8},"end":{"line":12,"column":63}},"type":"if","locations":[{"start":{"line":12,"column":8},"end":{"line":12,"column":63}},{"start":{"line":12,"column":8},"end":{"line":12,"column":63}}],"line":12}},"s":{"0":1,"1":3,"2":0,"3":3,"4":10,"5":10,"6":10,"7":40,"8":40,"9":40,"10":11,"11":40,"12":10,"13":1},"f":{"0":3,"1":10},"b":{"0":[0,3],"1":[11,29]},"_coverageSchema":"1a1c01bbd47fc00a2c39e90264f33305004495a9","hash":"abf716a48679005292cbc6dd8e1488f2edb6f6ce"}
,"/home/extremito/Documents/IMBA/Training/35.Algorithms/javascript/utils/isMatrix.js": {"path":"/home/extremito/Documents/IMBA/Training/35.Algorithms/javascript/utils/isMatrix.js","statementMap":{"0":{"start":{"line":2,"column":2},"end":{"line":2,"column":72}},"1":{"start":{"line":2,"column":59},"end":{"line":2,"column":72}},"2":{"start":{"line":3,"column":2},"end":{"line":3,"column":14}},"3":{"start":{"line":6,"column":0},"end":{"line":6,"column":26}}},"fnMap":{"0":{"name":"isMatrix","decl":{"start":{"line":1,"column":9},"end":{"line":1,"column":17}},"loc":{"start":{"line":1,"column":26},"end":{"line":4,"column":1}},"line":1}},"branchMap":{"0":{"loc":{"start":{"line":2,"column":2},"end":{"line":2,"column":72}},"type":"if","locations":[{"start":{"line":2,"column":2},"end":{"line":2,"column":72}},{"start":{"line":2,"column":2},"end":{"line":2,"column":72}}],"line":2},"1":{"loc":{"start":{"line":2,"column":6},"end":{"line":2,"column":57}},"type":"binary-expr","locations":[{"start":{"line":2,"column":6},"end":{"line":2,"column":28}},{"start":{"line":2,"column":32},"end":{"line":2,"column":57}}],"line":2}},"s":{"0":3,"1":0,"2":3,"3":1},"f":{"0":3},"b":{"0":[0,3],"1":[3,3]},"_coverageSchema":"1a1c01bbd47fc00a2c39e90264f33305004495a9","hash":"85715b4d5f33ee8cb7e6c110b21115f4e71e53bd"}
}
