TN:
SF:SectionA/03.GreatestArea.js
FN:1,greatestArea
FN:5,(anonymous_1)
FN:14,getArea
FN:17,(anonymous_3)
FN:25,(anonymous_4)
FN:36,(anonymous_5)
FN:56,fuseRows
FN:57,(anonymous_7)
FNF:8
FNH:8
FNDA:7,greatestArea
FNDA:28,(anonymous_1)
FNDA:28,getArea
FNDA:134,(anonymous_3)
FNDA:21,(anonymous_4)
FNDA:24,(anonymous_5)
FNDA:28,fuseRows
FNDA:134,(anonymous_7)
DA:2,7
DA:3,1
DA:4,6
DA:5,6
DA:6,28
DA:7,28
DA:8,28
DA:9,28
DA:11,6
DA:15,28
DA:16,28
DA:17,28
DA:18,134
DA:19,74
DA:20,37
DA:21,37
DA:22,37
DA:24,37
DA:25,15
DA:26,21
DA:27,16
DA:28,16
DA:29,5
DA:30,0
DA:32,5
DA:35,22
DA:36,22
DA:37,24
DA:38,15
DA:39,15
DA:40,9
DA:41,0
DA:43,9
DA:44,9
DA:46,22
DA:47,22
DA:50,60
DA:53,28
DA:57,28
DA:58,134
DA:59,60
DA:63,1
LF:42
LH:40
BRDA:1,0,0,0
BRDA:2,1,0,1
BRDA:2,1,1,6
BRDA:2,2,0,7
BRDA:2,2,1,7
BRDA:8,3,0,19
BRDA:8,3,1,9
BRDA:18,4,0,74
BRDA:18,4,1,60
BRDA:19,5,0,37
BRDA:19,5,1,37
BRDA:24,6,0,15
BRDA:24,6,1,22
BRDA:26,7,0,16
BRDA:26,7,1,5
BRDA:27,8,0,13
BRDA:27,8,1,3
BRDA:29,9,0,0
BRDA:29,9,1,5
BRDA:37,10,0,15
BRDA:37,10,1,9
BRDA:38,11,0,12
BRDA:38,11,1,3
BRDA:40,12,0,0
BRDA:40,12,1,9
BRDA:43,13,0,9
BRDA:43,13,1,0
BRDA:47,14,0,5
BRDA:47,14,1,17
BRDA:58,15,0,74
BRDA:58,15,1,60
BRDA:58,16,0,45
BRDA:58,16,1,29
BRF:33
BRH:29
end_of_record
